<testsuite failures="0" name="src/test/java/karate/createIncident.feature" skipped="0" tests="1" time="4.965648">
  <testcase classname="src.test.java.karate.createIncident" name="Create Incident" time="4.965648">
    <system-out>Given url 'https://dev97765.service-now.com/api/now/table/incident' ....... passed
And header Authorization = call read('basic-auth.js') { username: 'admin', password: 'Pranathi75@' } . passed
When method get ........................................................... passed
Then status 200 ........................................................... passed
And match header Content-Type contains 'application/json' ................. passed</system-out>
  </testcase>
</testsuite>
