<?xml version="1.0" encoding="UTF-8"?>
<testng-results skipped="0" failed="1" ignored="0" total="1" passed="0">
  <reporter-output>
  </reporter-output>
  <suite name="Default suite" duration-ms="18054" started-at="2020-05-08T20:22:32 IST" finished-at="2020-05-08T20:22:50 IST">
    <groups>
    </groups>
    <test name="Default test" duration-ms="18054" started-at="2020-05-08T20:22:32 IST" finished-at="2020-05-08T20:22:50 IST">
      <class name="tests.selenium.TC001_CreateIncident">
        <test-method status="PASS" signature="beforeSuite()[pri:0, instance:tests.selenium.TC001_CreateIncident@710726a3]" name="beforeSuite" is-config="true" duration-ms="1032" started-at="2020-05-08T20:22:31 IST" finished-at="2020-05-08T20:22:32 IST">
          <reporter-output>
          </reporter-output>
        </test-method> <!-- beforeSuite -->
        <test-method status="PASS" signature="setValues()[pri:0, instance:tests.selenium.TC001_CreateIncident@710726a3]" name="setValues" is-config="true" duration-ms="0" started-at="2020-05-08T20:22:32 IST" finished-at="2020-05-08T20:22:32 IST">
          <reporter-output>
          </reporter-output>
        </test-method> <!-- setValues -->
        <test-method status="PASS" signature="beforeClass()[pri:0, instance:tests.selenium.TC001_CreateIncident@710726a3]" name="beforeClass" is-config="true" duration-ms="4" started-at="2020-05-08T20:22:32 IST" finished-at="2020-05-08T20:22:32 IST">
          <reporter-output>
          </reporter-output>
        </test-method> <!-- beforeClass -->
        <test-method status="PASS" signature="beforeMethod()[pri:0, instance:tests.selenium.TC001_CreateIncident@710726a3]" name="beforeMethod" is-config="true" duration-ms="16375" started-at="2020-05-08T20:22:33 IST" finished-at="2020-05-08T20:22:49 IST">
          <reporter-output>
          </reporter-output>
        </test-method> <!-- beforeMethod -->
        <test-method status="FAIL" signature="createIncident(java.lang.String, java.lang.String, java.lang.String)[pri:0, instance:tests.selenium.TC001_CreateIncident@710726a3]" name="createIncident" duration-ms="75" started-at="2020-05-08T20:22:49 IST" data-provider="fetchData" finished-at="2020-05-08T20:22:49 IST">
          <params>
            <param index="0">
              <value>
                <![CDATA[incident]]>
              </value>
            </param>
            <param index="1">
              <value>
                <![CDATA[Abel]]>
              </value>
            </param>
            <param index="2">
              <value>
                <![CDATA[Ths is automated test from Makaia]]>
              </value>
            </param>
          </params>
          <exception class="org.openqa.selenium.NoSuchFrameException">
            <message>
              <![CDATA[no such frame
  (Session info: chrome=81.0.4044.129)
Build info: version: '4.0.0-alpha-4', revision: 'c2d955b49e'
System info: host: 'GOAL-14', ip: '172.20.10.4', os.name: 'Windows 10', os.arch: 'amd64', os.version: '10.0', java.version: '1.8.0_171'
Driver info: org.openqa.selenium.chrome.ChromeDriver
Capabilities {acceptInsecureCerts: false, browserName: chrome, browserVersion: 81.0.4044.129, chrome: {chromedriverVersion: 81.0.4044.69 (6813546031a4b..., userDataDir: C:\Users\91949\AppData\Loca...}, goog:chromeOptions: {debuggerAddress: localhost:54488}, javascriptEnabled: true, networkConnectionEnabled: false, pageLoadStrategy: normal, platform: WINDOWS, platformName: WINDOWS, proxy: Proxy(), setWindowRect: true, strictFileInteractability: false, timeouts: {implicit: 0, pageLoad: 300000, script: 30000}, unhandledPromptBehavior: dismiss and notify, webauthn:virtualAuthenticators: true}
Session ID: 42f520a3cadcd9a1c8a2f7bc385874c5]]>
            </message>
            <full-stacktrace>
              <![CDATA[org.openqa.selenium.NoSuchFrameException: no such frame
  (Session info: chrome=81.0.4044.129)
Build info: version: '4.0.0-alpha-4', revision: 'c2d955b49e'
System info: host: 'GOAL-14', ip: '172.20.10.4', os.name: 'Windows 10', os.arch: 'amd64', os.version: '10.0', java.version: '1.8.0_171'
Driver info: org.openqa.selenium.chrome.ChromeDriver
Capabilities {acceptInsecureCerts: false, browserName: chrome, browserVersion: 81.0.4044.129, chrome: {chromedriverVersion: 81.0.4044.69 (6813546031a4b..., userDataDir: C:\Users\91949\AppData\Loca...}, goog:chromeOptions: {debuggerAddress: localhost:54488}, javascriptEnabled: true, networkConnectionEnabled: false, pageLoadStrategy: normal, platform: WINDOWS, platformName: WINDOWS, proxy: Proxy(), setWindowRect: true, strictFileInteractability: false, timeouts: {implicit: 0, pageLoad: 300000, script: 30000}, unhandledPromptBehavior: dismiss and notify, webauthn:virtualAuthenticators: true}
Session ID: 42f520a3cadcd9a1c8a2f7bc385874c5
at sun.reflect.NativeConstructorAccessorImpl.newInstance0(Native Method)
at sun.reflect.NativeConstructorAccessorImpl.newInstance(NativeConstructorAccessorImpl.java:62)
at sun.reflect.DelegatingConstructorAccessorImpl.newInstance(DelegatingConstructorAccessorImpl.java:45)
at java.lang.reflect.Constructor.newInstance(Constructor.java:423)
at org.openqa.selenium.remote.codec.w3c.W3CHttpResponseCodec.createException(W3CHttpResponseCodec.java:196)
at org.openqa.selenium.remote.codec.w3c.W3CHttpResponseCodec.decode(W3CHttpResponseCodec.java:129)
at org.openqa.selenium.remote.codec.w3c.W3CHttpResponseCodec.decode(W3CHttpResponseCodec.java:53)
at org.openqa.selenium.remote.HttpCommandExecutor.execute(HttpCommandExecutor.java:161)
at org.openqa.selenium.remote.service.DriverCommandExecutor.execute(DriverCommandExecutor.java:83)
at org.openqa.selenium.remote.RemoteWebDriver.execute(RemoteWebDriver.java:582)
at org.openqa.selenium.remote.RemoteWebDriver$RemoteTargetLocator.frame(RemoteWebDriver.java:945)
at org.openqa.selenium.support.events.EventFiringWebDriver$EventFiringTargetLocator.frame(EventFiringWebDriver.java:698)
at pages.selenium.LoginPage.<init>(LoginPage.java:31)
at tests.selenium.TC001_CreateIncident.createIncident(TC001_CreateIncident.java:25)
at sun.reflect.NativeMethodAccessorImpl.invoke0(Native Method)
at sun.reflect.NativeMethodAccessorImpl.invoke(NativeMethodAccessorImpl.java:62)
at sun.reflect.DelegatingMethodAccessorImpl.invoke(DelegatingMethodAccessorImpl.java:43)
at java.lang.reflect.Method.invoke(Method.java:498)
at org.testng.internal.MethodInvocationHelper.invokeMethod(MethodInvocationHelper.java:134)
at org.testng.internal.TestInvoker.invokeMethod(TestInvoker.java:597)
at org.testng.internal.TestInvoker.invokeTestMethod(TestInvoker.java:173)
at org.testng.internal.MethodRunner.runInSequence(MethodRunner.java:46)
at org.testng.internal.TestInvoker$MethodInvocationAgent.invoke(TestInvoker.java:816)
at org.testng.internal.TestInvoker.invokeTestMethods(TestInvoker.java:146)
at org.testng.internal.TestMethodWorker.invokeTestMethods(TestMethodWorker.java:146)
at org.testng.internal.TestMethodWorker.run(TestMethodWorker.java:128)
at java.util.ArrayList.forEach(ArrayList.java:1257)
at org.testng.TestRunner.privateRun(TestRunner.java:766)
at org.testng.TestRunner.run(TestRunner.java:587)
at org.testng.SuiteRunner.runTest(SuiteRunner.java:384)
at org.testng.SuiteRunner.runSequentially(SuiteRunner.java:378)
at org.testng.SuiteRunner.privateRun(SuiteRunner.java:337)
at org.testng.SuiteRunner.run(SuiteRunner.java:286)
at org.testng.SuiteRunnerWorker.runSuite(SuiteRunnerWorker.java:53)
at org.testng.SuiteRunnerWorker.run(SuiteRunnerWorker.java:96)
at org.testng.TestNG.runSuitesSequentially(TestNG.java:1187)
at org.testng.TestNG.runSuitesLocally(TestNG.java:1109)
at org.testng.TestNG.runSuites(TestNG.java:1039)
at org.testng.TestNG.run(TestNG.java:1007)
at org.testng.remote.AbstractRemoteTestNG.run(AbstractRemoteTestNG.java:115)
at org.testng.remote.RemoteTestNG.initAndRun(RemoteTestNG.java:251)
at org.testng.remote.RemoteTestNG.main(RemoteTestNG.java:77)
]]>
            </full-stacktrace>
          </exception> <!-- org.openqa.selenium.NoSuchFrameException -->
          <reporter-output>
          </reporter-output>
        </test-method> <!-- createIncident -->
        <test-method status="PASS" signature="afterMethod()[pri:0, instance:tests.selenium.TC001_CreateIncident@710726a3]" name="afterMethod" is-config="true" duration-ms="506" started-at="2020-05-08T20:22:49 IST" finished-at="2020-05-08T20:22:50 IST">
          <reporter-output>
          </reporter-output>
        </test-method> <!-- afterMethod -->
        <test-method status="PASS" signature="afterSuite()[pri:0, instance:tests.selenium.TC001_CreateIncident@710726a3]" name="afterSuite" is-config="true" duration-ms="679" started-at="2020-05-08T20:22:50 IST" finished-at="2020-05-08T20:22:50 IST">
          <reporter-output>
          </reporter-output>
        </test-method> <!-- afterSuite -->
      </class> <!-- tests.selenium.TC001_CreateIncident -->
    </test> <!-- Default test -->
  </suite> <!-- Default suite -->
</testng-results>
